PHP Warning:  Module "mongodb" is already loaded in Unknown on line 0
PHP Warning:  Module "mongodb" is already loaded in Unknown on line 0
PHP Warning:  Module "mongodb" is already loaded in Unknown on line 0
PHP Warning:  Module "mongodb" is already loaded in Unknown on line 0
PHP Warning:  Module "mongodb" is already loaded in Unknown on line 0
PHP Warning:  Module "mongodb" is already loaded in Unknown on line 0
PHP Warning:  Module "mongodb" is already loaded in Unknown on line 0
PHP Warning:  Module "mongodb" is already loaded in Unknown on line 0
[2021-01-28 12:47:43][VZoUGiDxnHxiCkk2kSQGGDeUESB5jVch] Processing: App\Jobs\Panel\MailJobs
[2021-01-28 12:47:46][VZoUGiDxnHxiCkk2kSQGGDeUESB5jVch] Processed:  App\Jobs\Panel\MailJobs
PHP Warning:  Module "mongodb" is already loaded in Unknown on line 0
PHP Warning:  Module "mongodb" is already loaded in Unknown on line 0
PHP Warning:  Module "mongodb" is already loaded in Unknown on line 0
PHP Warning:  Module "mongodb" is already loaded in Unknown on line 0
PHP Warning:  Module "mongodb" is already loaded in Unknown on line 0
PHP Warning:  Module "mongodb" is already loaded in Unknown on line 0
PHP Warning:  Module "mongodb" is already loaded in Unknown on line 0
PHP Warning:  Module "mongodb" is already loaded in Unknown on line 0
PHP Warning:  Module "mongodb" is already loaded in Unknown on line 0
PHP Warning:  Module "mongodb" is already loaded in Unknown on line 0
[2021-01-28 12:50:23][VP6UxsGvPEPX2MwRIxzn0b1V1jfw9FzJ] Processing: App\Jobs\Panel\MailJobs
[2021-01-28 12:50:26][VP6UxsGvPEPX2MwRIxzn0b1V1jfw9FzJ] Processed:  App\Jobs\Panel\MailJobs
PHP Warning:  Module "mongodb" is already loaded in Unknown on line 0

In StreamHandler.php line 111:
                                                                               
  The stream or file "/var/www/vhosts/klinikdiyetisyen.com/api.klinikdiyetisy  
  en.com/storage/logs/laravel.log" could not be opened in append mode: Failed  
   to open stream: Permission denied                                           
                                                                               

PHP Warning:  Module "mongodb" is already loaded in Unknown on line 0

In StreamHandler.php line 111:
                                                                               
  The stream or file "/var/www/vhosts/klinikdiyetisyen.com/api.klinikdiyetisy  
  en.com/storage/logs/laravel.log" could not be opened in append mode: Failed  
   to open stream: Permission denied                                           
                                                                               

PHP Warning:  Module "mongodb" is already loaded in Unknown on line 0
PHP Warning:  Module "mongodb" is already loaded in Unknown on line 0

In StreamHandler.php line 111:
                                                                               
  The stream or file "/var/www/vhosts/klinikdiyetisyen.com/api.klinikdiyetisy  
  en.com/storage/logs/laravel.log" could not be opened in append mode: Failed  
   to open stream: Permission denied                                           
                                                                               

PHP Warning:  Module "mongodb" is already loaded in Unknown on line 0

In StreamHandler.php line 111:
                                                                               
  The stream or file "/var/www/vhosts/klinikdiyetisyen.com/api.klinikdiyetisy  
  en.com/storage/logs/laravel.log" could not be opened in append mode: Failed  
   to open stream: Permission denied                                           
                                                                               

PHP Warning:  Module "mongodb" is already loaded in Unknown on line 0
PHP Warning:  Module "mongodb" is already loaded in Unknown on line 0

In StreamHandler.php line 111:
                                                                               
  The stream or file "/var/www/vhosts/klinikdiyetisyen.com/api.klinikdiyetisy  
  en.com/storage/logs/laravel.log" could not be opened in append mode: Failed  
   to open stream: Permission denied                                           
                                                                               

PHP Warning:  Module "mongodb" is already loaded in Unknown on line 0

In StreamHandler.php line 111:
                                                                               
  The stream or file "/var/www/vhosts/klinikdiyetisyen.com/api.klinikdiyetisy  
  en.com/storage/logs/laravel.log" could not be opened in append mode: Failed  
   to open stream: Permission denied                                           
                                                                               

PHP Warning:  Module "mongodb" is already loaded in Unknown on line 0
PHP Warning:  Module "mongodb" is already loaded in Unknown on line 0

In StreamHandler.php line 111:
                                                                               
  The stream or file "/var/www/vhosts/klinikdiyetisyen.com/api.klinikdiyetisy  
  en.com/storage/logs/laravel.log" could not be opened in append mode: Failed  
   to open stream: Permission denied                                           
                                                                               

PHP Warning:  Module "mongodb" is already loaded in Unknown on line 0

In StreamHandler.php line 111:
                                                                               
  The stream or file "/var/www/vhosts/klinikdiyetisyen.com/api.klinikdiyetisy  
  en.com/storage/logs/laravel.log" could not be opened in append mode: Failed  
   to open stream: Permission denied                                           
                                                                               

PHP Warning:  Module "mongodb" is already loaded in Unknown on line 0
PHP Warning:  Module "mongodb" is already loaded in Unknown on line 0

In StreamHandler.php line 111:
                                                                               
  The stream or file "/var/www/vhosts/klinikdiyetisyen.com/api.klinikdiyetisy  
  en.com/storage/logs/laravel.log" could not be opened in append mode: Failed  
   to open stream: Permission denied                                           
                                                                               

PHP Warning:  Module "mongodb" is already loaded in Unknown on line 0

In StreamHandler.php line 111:
                                                                               
  The stream or file "/var/www/vhosts/klinikdiyetisyen.com/api.klinikdiyetisy  
  en.com/storage/logs/laravel.log" could not be opened in append mode: Failed  
   to open stream: Permission denied                                           
                                                                               

PHP Warning:  Module "mongodb" is already loaded in Unknown on line 0
PHP Warning:  Module "mongodb" is already loaded in Unknown on line 0

In StreamHandler.php line 111:
                                                                               
  The stream or file "/var/www/vhosts/klinikdiyetisyen.com/api.klinikdiyetisy  
  en.com/storage/logs/laravel.log" could not be opened in append mode: Failed  
   to open stream: Permission denied                                           
                                                                               

PHP Warning:  Module "mongodb" is already loaded in Unknown on line 0

In StreamHandler.php line 111:
                                                                               
  The stream or file "/var/www/vhosts/klinikdiyetisyen.com/api.klinikdiyetisy  
  en.com/storage/logs/laravel.log" could not be opened in append mode: Failed  
   to open stream: Permission denied                                           
                                                                               

PHP Warning:  Module "mongodb" is already loaded in Unknown on line 0

In StreamHandler.php line 111:
                                                                               
  The stream or file "/var/www/vhosts/klinikdiyetisyen.com/api.klinikdiyetisy  
  en.com/storage/logs/laravel.log" could not be opened in append mode: Failed  
   to open stream: Permission denied                                           
                                                                               

PHP Warning:  Module "mongodb" is already loaded in Unknown on line 0
PHP Warning:  Module "mongodb" is already loaded in Unknown on line 0

In StreamHandler.php line 111:
                                                                               
  The stream or file "/var/www/vhosts/klinikdiyetisyen.com/api.klinikdiyetisy  
  en.com/storage/logs/laravel.log" could not be opened in append mode: Failed  
   to open stream: Permission denied                                           
                                                                               

PHP Warning:  Module "mongodb" is already loaded in Unknown on line 0

In StreamHandler.php line 111:
                                                                               
  The stream or file "/var/www/vhosts/klinikdiyetisyen.com/api.klinikdiyetisy  
  en.com/storage/logs/laravel.log" could not be opened in append mode: Failed  
   to open stream: Permission denied                                           
                                                                               

PHP Warning:  Module "mongodb" is already loaded in Unknown on line 0

In StreamHandler.php line 111:
                                                                               
  The stream or file "/var/www/vhosts/klinikdiyetisyen.com/api.klinikdiyetisy  
  en.com/storage/logs/laravel.log" could not be opened in append mode: Failed  
   to open stream: Permission denied                                           
                                                                               

PHP Warning:  Module "mongodb" is already loaded in Unknown on line 0
PHP Warning:  Module "mongodb" is already loaded in Unknown on line 0

In StreamHandler.php line 111:
                                                                               
  The stream or file "/var/www/vhosts/klinikdiyetisyen.com/api.klinikdiyetisy  
  en.com/storage/logs/laravel.log" could not be opened in append mode: Failed  
   to open stream: Erişim engellendi                                           
                                                                               

PHP Warning:  Module "mongodb" is already loaded in Unknown on line 0

In StreamHandler.php line 111:
                                                                               
  The stream or file "/var/www/vhosts/klinikdiyetisyen.com/api.klinikdiyetisy  
  en.com/storage/logs/laravel.log" could not be opened in append mode: Failed  
   to open stream: Erişim engellendi                                           
                                                                               

PHP Warning:  Module "mongodb" is already loaded in Unknown on line 0

In StreamHandler.php line 111:
                                                                               
  The stream or file "/var/www/vhosts/klinikdiyetisyen.com/api.klinikdiyetisy  
  en.com/storage/logs/laravel.log" could not be opened in append mode: Failed  
   to open stream: Erişim engellendi                                           
                                                                               

PHP Warning:  Module "mongodb" is already loaded in Unknown on line 0
PHP Warning:  Module "mongodb" is already loaded in Unknown on line 0

In StreamHandler.php line 111:
                                                                               
  The stream or file "/var/www/vhosts/klinikdiyetisyen.com/api.klinikdiyetisy  
  en.com/storage/logs/laravel.log" could not be opened in append mode: Failed  
   to open stream: Erişim engellendi                                           
                                                                               

PHP Warning:  Module "mongodb" is already loaded in Unknown on line 0

In StreamHandler.php line 111:
                                                                               
  The stream or file "/var/www/vhosts/klinikdiyetisyen.com/api.klinikdiyetisy  
  en.com/storage/logs/laravel.log" could not be opened in append mode: Failed  
   to open stream: Erişim engellendi                                           
                                                                               

PHP Warning:  Module "mongodb" is already loaded in Unknown on line 0

In StreamHandler.php line 111:
                                                                               
  The stream or file "/var/www/vhosts/klinikdiyetisyen.com/api.klinikdiyetisy  
  en.com/storage/logs/laravel.log" could not be opened in append mode: Failed  
   to open stream: Erişim engellendi                                           
                                                                               

PHP Warning:  Module "mongodb" is already loaded in Unknown on line 0
